[2025-06-07 03:17:38,133] [INFO] [init_job.sh:25:source] Script started
[2025-06-07 03:17:38,135] [INFO] [init_job.sh:28:source] Loading modules...
[2025-06-07 03:17:39,398] [INFO] [init_job.sh:35:source] Modules loaded
[2025-06-07 03:17:39,407] [INFO] [init_job.sh:38:source] Loading environment...
[2025-06-07 03:17:39,423] [INFO] [init_job.sh:42:source] Environment loaded
[2025-06-07 03:17:39,430] [INFO] [init_job.sh:47:source] Copying files...
[2025-06-07 03:17:45,371] [INFO] [init_job.sh:57:source] Files copied
[2025-06-07 03:17:45,380] [INFO] [signal_utils.sh:3:source] Loading signal utilities...
[2025-06-07 03:17:45,388] [INFO] [signal_utils.sh:75:source] Signal utilities loaded
[2025-06-07 03:17:45,400] [INFO] [init_job.sh:71:source] Initialization completed in 00:00:07
[2025-06-07 03:17:45,408] [INFO] [slurm_script:34:main] Starting main process in the background
[2025-06-07 03:17:45,420] [INFO] [slurm_script:40:main] Main process started with pid 3487895
[2025-06-07 03:17:45,429] [INFO] [signal_utils.sh:49:wait_with_signals] Waiting for process 3487895
[2025-06-07 03:17:50,795] [INFO] [real_accelerator.py:254:get_accelerator] Setting ds_accelerator to cuda (auto detect)
[2025-06-07 03:18:03,819] [WARNING] [runner.py:215:fetch_hostfile] Unable to find hostfile, will proceed with training with local resources only.
Detected VISIBLE_DEVICES=0 but ignoring it because one or several of --include/--exclude/--num_gpus/--num_nodes cl args were used. If you want to use CUDA_VISIBLE_DEVICES don't pass any of these arguments to deepspeed.
[2025-06-07 03:18:03,820] [INFO] [runner.py:605:main] cmd = /gpfs/home4/sdong/venv_thesis/bin/python -u -m deepspeed.launcher.launch --world_info=eyJsb2NhbGhvc3QiOiBbMF19 --master_addr=127.0.0.1 --master_port=29500 --enable_each_rank_log=None code/train_full.py
[2025-06-07 03:18:05,418] [INFO] [real_accelerator.py:254:get_accelerator] Setting ds_accelerator to cuda (auto detect)
[2025-06-07 03:18:09,533] [INFO] [launch.py:139:main] 0 NCCL_SOCKET_IFNAME=eno2np0
[2025-06-07 03:18:09,533] [INFO] [launch.py:146:main] WORLD INFO DICT: {'localhost': [0]}
[2025-06-07 03:18:09,533] [INFO] [launch.py:152:main] nnodes=1, num_local_procs=1, node_rank=0
[2025-06-07 03:18:09,534] [INFO] [launch.py:163:main] global_rank_mapping=defaultdict(<class 'list'>, {'localhost': [0]})
[2025-06-07 03:18:09,534] [INFO] [launch.py:164:main] dist_world_size=1
[2025-06-07 03:18:09,534] [INFO] [launch.py:168:main] Setting CUDA_VISIBLE_DEVICES=0
[2025-06-07 03:18:09,534] [INFO] [launch.py:256:main] process 3490465 spawned with command: ['/gpfs/home4/sdong/venv_thesis/bin/python', '-u', 'code/train_full.py', '--local_rank=0']
[2025-06-07 03:18:16,429] [INFO] [train_full.py:61:<module>] Script started...
[2025-06-07 03:18:16,429] [INFO] [train_full.py:81:<module>] Using model: google/flan-t5-base
[2025-06-07 03:18:16,429] [INFO] [train_full.py:85:<module>] Output location: models/finqa_full_base
[2025-06-07 03:18:16,429] [INFO] [train_full.py:92:<module>] Using 16 CPU core(s)
[2025-06-07 03:18:16,429] [INFO] [train_full.py:95:<module>] Using 1 CUDA device(s)
[2025-06-07 03:18:24,504] [INFO] [train_full.py:201:<module>] trainable params: 6,782,976 || all params: 254,360,832 || trainable%: 2.6667
[2025-06-07 03:18:24,512] [INFO] [train_full.py:207:<module>] Memory footprint: 455,930,880
[2025-06-07 03:18:24,603] [INFO] [real_accelerator.py:254:get_accelerator] Setting ds_accelerator to cuda (auto detect)
[2025-06-07 03:18:24,857] [INFO] [spawn.py:77:spawn] gcc -fno-strict-overflow -DNDEBUG -g -O3 -Wall -O2 -ftree-vectorize -O3 -march=znver4 -mavx512f -fno-math-errno -fPIC -O2 -ftree-vectorize -O3 -march=znver4 -mavx512f -fno-math-errno -fPIC -fPIC -c /scratch-local/sdong.12233893/tmpqbiz5drl/test.c -o /scratch-local/sdong.12233893/tmpqbiz5drl/test.o
[2025-06-07 03:18:24,895] [INFO] [spawn.py:77:spawn] gcc /scratch-local/sdong.12233893/tmpqbiz5drl/test.o -laio -o /scratch-local/sdong.12233893/tmpqbiz5drl/a.out
[2025-06-07 03:18:25,320] [INFO] [spawn.py:77:spawn] gcc -fno-strict-overflow -DNDEBUG -g -O3 -Wall -O2 -ftree-vectorize -O3 -march=znver4 -mavx512f -fno-math-errno -fPIC -O2 -ftree-vectorize -O3 -march=znver4 -mavx512f -fno-math-errno -fPIC -fPIC -c /scratch-local/sdong.12233893/tmpnn99iaoi/test.c -o /scratch-local/sdong.12233893/tmpnn99iaoi/test.o
[2025-06-07 03:18:25,356] [INFO] [spawn.py:77:spawn] gcc /scratch-local/sdong.12233893/tmpnn99iaoi/test.o -L/sw/arch/RHEL9/EB_production/2024/software/CUDA/12.6.0 -L/sw/arch/RHEL9/EB_production/2024/software/CUDA/12.6.0/lib64 -lcufile -o /scratch-local/sdong.12233893/tmpnn99iaoi/a.out
[2025-06-07 03:18:25,422] [INFO] [spawn.py:77:spawn] gcc -fno-strict-overflow -DNDEBUG -g -O3 -Wall -O2 -ftree-vectorize -O3 -march=znver4 -mavx512f -fno-math-errno -fPIC -O2 -ftree-vectorize -O3 -march=znver4 -mavx512f -fno-math-errno -fPIC -fPIC -c /scratch-local/sdong.12233893/tmpmm1oeo_q/test.c -o /scratch-local/sdong.12233893/tmpmm1oeo_q/test.o
[2025-06-07 03:18:25,458] [INFO] [spawn.py:77:spawn] gcc /scratch-local/sdong.12233893/tmpmm1oeo_q/test.o -laio -o /scratch-local/sdong.12233893/tmpmm1oeo_q/a.out
[2025-06-07 03:18:26,174] [INFO] [comm.py:669:init_distributed] cdb=None
[2025-06-07 03:18:26,174] [INFO] [comm.py:700:init_distributed] Initializing TorchBackend in DeepSpeed with backend nccl
ninja: no work to do.
Time to load cpu_adam op: 0.42784714698791504 seconds
{'eval_loss': 4.630355358123779, 'eval_penalty_scaled': 1.0, 'eval_penalty_capped': 2.0, 'eval_penalty_uncapped': 2.1035371838429593, 'eval_missing': 0.9082672706681767, 'eval_exact_match_accuracy': 0.0, 'eval_part_match_accuracy': 0.0177425443563609, 'eval_set_match_accuracy': 0.018346545866364673, 'eval_structure_score_norm': -1.0, 'eval_structure_score_pos': 0.0, 'eval_structure_score_neg': 0.9684786711966773, 'eval_runtime': 26.6988, 'eval_samples_per_second': 33.073, 'eval_steps_per_second': 2.097, 'epoch': 0}
{'loss': 2.9708, 'grad_norm': 3.7059850692749023, 'learning_rate': 0.0004, 'epoch': 1.0}
{'eval_loss': 2.649360179901123, 'eval_penalty_scaled': 1.1878067195167985, 'eval_penalty_capped': 1.939033597583994, 'eval_penalty_uncapped': 2.0253416383540963, 'eval_missing': 0.0, 'eval_exact_match_accuracy': 0.0, 'eval_part_match_accuracy': 0.3782559456398627, 'eval_set_match_accuracy': 0.42672706681766454, 'eval_structure_score_norm': -0.07134767836919592, 'eval_structure_score_pos': 0.0, 'eval_structure_score_neg': 0.012080030200075493, 'eval_runtime': 56.7142, 'eval_samples_per_second': 15.569, 'eval_steps_per_second': 0.987, 'epoch': 1.0}
{'loss': 3.1237, 'grad_norm': 2.4858593940734863, 'learning_rate': 0.0004, 'epoch': 2.0}
{'eval_loss': 2.8816428184509277, 'eval_penalty_scaled': 1.3726085315213288, 'eval_penalty_capped': 1.9315213288033222, 'eval_penalty_uncapped': 2.0051415628539075, 'eval_missing': 0.0, 'eval_exact_match_accuracy': 0.010192525481313703, 'eval_part_match_accuracy': 0.38070970177425306, 'eval_set_match_accuracy': 0.443601359003395, 'eval_structure_score_norm': -0.052095130237825596, 'eval_structure_score_pos': 0.0, 'eval_structure_score_neg': 0.009437523593808984, 'eval_runtime': 56.9205, 'eval_samples_per_second': 15.513, 'eval_steps_per_second': 0.984, 'epoch': 2.0}
{'loss': 3.3685, 'grad_norm': 2.487705707550049, 'learning_rate': 0.0004, 'epoch': 3.0}
{'eval_loss': 3.1387765407562256, 'eval_penalty_scaled': 1.5440385050962626, 'eval_penalty_capped': 1.9067308418271047, 'eval_penalty_uncapped': 1.9788901472253682, 'eval_missing': 0.0, 'eval_exact_match_accuracy': 0.01698754246885617, 'eval_part_match_accuracy': 0.4018497546243848, 'eval_set_match_accuracy': 0.45258588146470163, 'eval_structure_score_norm': -0.0464326160815402, 'eval_structure_score_pos': 0.0, 'eval_structure_score_neg': 0.00830502076255191, 'eval_runtime': 56.4759, 'eval_samples_per_second': 15.635, 'eval_steps_per_second': 0.992, 'epoch': 3.0}
{'loss': 3.6008, 'grad_norm': 2.95798921585083, 'learning_rate': 0.0004, 'epoch': 4.0}
{'eval_loss': 3.3412296772003174, 'eval_penalty_scaled': 1.7144552661381653, 'eval_penalty_capped': 1.8930690826727066, 'eval_penalty_uncapped': 1.9672442431106079, 'eval_missing': 0.0, 'eval_exact_match_accuracy': 0.02944507361268403, 'eval_part_match_accuracy': 0.40751226878066993, 'eval_set_match_accuracy': 0.4599471498678723, 'eval_structure_score_norm': -0.0464326160815402, 'eval_structure_score_pos': 0.0, 'eval_structure_score_neg': 0.007927519818799552, 'eval_runtime': 56.7221, 'eval_samples_per_second': 15.567, 'eval_steps_per_second': 0.987, 'epoch': 4.0}
{'loss': 3.8123, 'grad_norm': 3.2506420612335205, 'learning_rate': 0.0004, 'epoch': 5.0}
{'eval_loss': 3.518279790878296, 'eval_penalty_scaled': 1.8825745564363914, 'eval_penalty_capped': 1.8825745564363914, 'eval_penalty_uncapped': 1.9535975839939606, 'eval_missing': 0.0, 'eval_exact_match_accuracy': 0.030577576443941108, 'eval_part_match_accuracy': 0.42072480181200217, 'eval_set_match_accuracy': 0.46674216685541464, 'eval_structure_score_norm': -0.05549263873159683, 'eval_structure_score_pos': 0.0, 'eval_structure_score_neg': 0.009437523593808988, 'eval_runtime': 56.4777, 'eval_samples_per_second': 15.634, 'eval_steps_per_second': 0.992, 'epoch': 5.0}
{'loss': 4.0245, 'grad_norm': 4.024168491363525, 'learning_rate': 0.0004, 'epoch': 6.0}
{'eval_loss': 3.65214467048645, 'eval_penalty_scaled': 1.8710419026047567, 'eval_penalty_capped': 1.8710419026047567, 'eval_penalty_uncapped': 1.9343790109475276, 'eval_missing': 0.0, 'eval_exact_match_accuracy': 0.0362400906002265, 'eval_part_match_accuracy': 0.4252548131370301, 'eval_set_match_accuracy': 0.4760664401660975, 'eval_structure_score_norm': -0.027180067950169876, 'eval_structure_score_pos': 0.0, 'eval_structure_score_neg': 0.00453001132502831, 'eval_runtime': 57.0357, 'eval_samples_per_second': 15.482, 'eval_steps_per_second': 0.982, 'epoch': 6.0}
{'loss': 3.8687, 'grad_norm': 3.6495611667633057, 'learning_rate': 0.0004, 'epoch': 7.0}
{'eval_loss': 3.528113603591919, 'eval_penalty_scaled': 1.863624009060023, 'eval_penalty_capped': 1.863624009060023, 'eval_penalty_uncapped': 1.9322008305020766, 'eval_missing': 0.0, 'eval_exact_match_accuracy': 0.044167610419026046, 'eval_part_match_accuracy': 0.43223858059644876, 'eval_set_match_accuracy': 0.48036995092487456, 'eval_structure_score_norm': -0.053227633069082674, 'eval_structure_score_pos': 0.0, 'eval_structure_score_neg': 0.009060022650056631, 'eval_runtime': 56.551, 'eval_samples_per_second': 15.614, 'eval_steps_per_second': 0.99, 'epoch': 7.0}
{'loss': 3.7065, 'grad_norm': 3.6199097633361816, 'learning_rate': 0.0004, 'epoch': 8.0}
{'eval_loss': 3.2738020420074463, 'eval_penalty_scaled': 1.8378293695734242, 'eval_penalty_capped': 1.8378293695734242, 'eval_penalty_uncapped': 1.8956021140052854, 'eval_missing': 0.0, 'eval_exact_match_accuracy': 0.06342015855039637, 'eval_part_match_accuracy': 0.4497923744809333, 'eval_set_match_accuracy': 0.4960362400905977, 'eval_structure_score_norm': -0.020385050962627407, 'eval_structure_score_pos': 0.0, 'eval_structure_score_neg': 0.0033975084937712336, 'eval_runtime': 56.3656, 'eval_samples_per_second': 15.666, 'eval_steps_per_second': 0.994, 'epoch': 8.0}
{'loss': 3.5763, 'grad_norm': 3.0859944820404053, 'learning_rate': 0.0004, 'epoch': 9.0}
{'eval_loss': 3.1642696857452393, 'eval_penalty_scaled': 1.8294790486976216, 'eval_penalty_capped': 1.8294790486976216, 'eval_penalty_uncapped': 1.8925103812759536, 'eval_missing': 0.0, 'eval_exact_match_accuracy': 0.06002265005662514, 'eval_part_match_accuracy': 0.45753114382785676, 'eval_set_match_accuracy': 0.5044545111362755, 'eval_structure_score_norm': -0.056625141562853906, 'eval_structure_score_pos': 0.0, 'eval_structure_score_neg': 0.00943752359380899, 'eval_runtime': 56.2134, 'eval_samples_per_second': 15.708, 'eval_steps_per_second': 0.996, 'epoch': 9.0}
{'loss': 3.4559, 'grad_norm': 2.7232816219329834, 'learning_rate': 0.0004, 'epoch': 10.0}
{'eval_loss': 3.0616767406463623, 'eval_penalty_scaled': 1.836983767459419, 'eval_penalty_capped': 1.836983767459419, 'eval_penalty_uncapped': 1.9073650434126088, 'eval_missing': 0.0, 'eval_exact_match_accuracy': 0.06795016987542468, 'eval_part_match_accuracy': 0.44903737259342846, 'eval_set_match_accuracy': 0.49916949792374204, 'eval_structure_score_norm': -0.072480181200453, 'eval_structure_score_pos': 0.0, 'eval_structure_score_neg': 0.012080030200075495, 'eval_runtime': 56.2536, 'eval_samples_per_second': 15.697, 'eval_steps_per_second': 0.995, 'epoch': 10.0}
{'loss': 3.3553, 'grad_norm': 2.621641159057617, 'learning_rate': 0.0004, 'epoch': 11.0}
{'eval_loss': 2.9272842407226562, 'eval_penalty_scaled': 1.8193846734616839, 'eval_penalty_capped': 1.8193846734616839, 'eval_penalty_uncapped': 1.8818950547376372, 'eval_missing': 0.0, 'eval_exact_match_accuracy': 0.07361268403171008, 'eval_part_match_accuracy': 0.4631936579841422, 'eval_set_match_accuracy': 0.5059267648169095, 'eval_structure_score_norm': -0.04077010192525481, 'eval_structure_score_pos': 0.0, 'eval_structure_score_neg': 0.006795016987542471, 'eval_runtime': 56.3426, 'eval_samples_per_second': 15.672, 'eval_steps_per_second': 0.994, 'epoch': 11.0}
{'loss': 3.2414, 'grad_norm': 2.9367105960845947, 'learning_rate': 0.0004, 'epoch': 12.0}
{'eval_loss': 2.8584561347961426, 'eval_penalty_scaled': 1.788478671196678, 'eval_penalty_capped': 1.788478671196678, 'eval_penalty_uncapped': 1.8487164967912424, 'eval_missing': 0.0, 'eval_exact_match_accuracy': 0.10419026047565119, 'eval_part_match_accuracy': 0.4794261985654929, 'eval_set_match_accuracy': 0.5258588146470341, 'eval_structure_score_norm': -0.030577576443941108, 'eval_structure_score_pos': 0.0, 'eval_structure_score_neg': 0.005096262740656851, 'eval_runtime': 56.4892, 'eval_samples_per_second': 15.631, 'eval_steps_per_second': 0.991, 'epoch': 12.0}
{'loss': 3.1568, 'grad_norm': 2.7928895950317383, 'learning_rate': 0.0004, 'epoch': 13.0}
{'eval_loss': 2.719851016998291, 'eval_penalty_scaled': 1.7897432993582483, 'eval_penalty_capped': 1.7897432993582483, 'eval_penalty_uncapped': 1.8528388070970179, 'eval_missing': 0.0, 'eval_exact_match_accuracy': 0.1087202718006795, 'eval_part_match_accuracy': 0.48187995469988315, 'eval_set_match_accuracy': 0.5194790486976186, 'eval_structure_score_norm': -0.035107587768969425, 'eval_structure_score_pos': 0.0, 'eval_structure_score_neg': 0.005851264628161571, 'eval_runtime': 57.1331, 'eval_samples_per_second': 15.455, 'eval_steps_per_second': 0.98, 'epoch': 13.0}
{'loss': 3.0695, 'grad_norm': 2.6977298259735107, 'learning_rate': 0.0004, 'epoch': 14.0}
{'eval_loss': 2.7272846698760986, 'eval_penalty_scaled': 1.7947640619101548, 'eval_penalty_capped': 1.7947640619101548, 'eval_penalty_uncapped': 1.8552510381275957, 'eval_missing': 0.0, 'eval_exact_match_accuracy': 0.08946772366930918, 'eval_part_match_accuracy': 0.48187995469988326, 'eval_set_match_accuracy': 0.521064552661379, 'eval_structure_score_norm': -0.045300113250283124, 'eval_structure_score_pos': 0.0, 'eval_structure_score_neg': 0.007550018875047191, 'eval_runtime': 56.3154, 'eval_samples_per_second': 15.68, 'eval_steps_per_second': 0.994, 'epoch': 14.0}
{'loss': 2.9934, 'grad_norm': 2.2844576835632324, 'learning_rate': 0.0004, 'epoch': 15.0}
{'eval_loss': 2.661790132522583, 'eval_penalty_scaled': 1.7755001887504722, 'eval_penalty_capped': 1.7755001887504722, 'eval_penalty_uncapped': 1.838425821064553, 'eval_missing': 0.0, 'eval_exact_match_accuracy': 0.13363533408833522, 'eval_part_match_accuracy': 0.48886372215930196, 'eval_set_match_accuracy': 0.530841827104565, 'eval_structure_score_norm': -0.04077010192525481, 'eval_structure_score_pos': 0.0, 'eval_structure_score_neg': 0.006795016987542471, 'eval_runtime': 56.5189, 'eval_samples_per_second': 15.623, 'eval_steps_per_second': 0.991, 'epoch': 15.0}
{'loss': 2.9405, 'grad_norm': 2.4705188274383545, 'learning_rate': 0.0004, 'epoch': 16.0}
{'eval_loss': 2.5959510803222656, 'eval_penalty_scaled': 1.746236315590789, 'eval_penalty_capped': 1.746236315590789, 'eval_penalty_uncapped': 1.805073612684032, 'eval_missing': 0.0, 'eval_exact_match_accuracy': 0.15741789354473387, 'eval_part_match_accuracy': 0.5128350320875766, 'eval_set_match_accuracy': 0.5440543601358971, 'eval_structure_score_norm': -0.031710079275198186, 'eval_structure_score_pos': 0.0, 'eval_structure_score_neg': 0.005285013212533031, 'eval_runtime': 56.5567, 'eval_samples_per_second': 15.613, 'eval_steps_per_second': 0.99, 'epoch': 16.0}
{'loss': 2.8879, 'grad_norm': 1.9822288751602173, 'learning_rate': 0.0004, 'epoch': 17.0}
{'eval_loss': 2.5727665424346924, 'eval_penalty_scaled': 1.765553038882597, 'eval_penalty_capped': 1.765553038882597, 'eval_penalty_uncapped': 1.8273801434503587, 'eval_missing': 0.0, 'eval_exact_match_accuracy': 0.13590033975084936, 'eval_part_match_accuracy': 0.49358248395620613, 'eval_set_match_accuracy': 0.5363910909777244, 'eval_structure_score_norm': -0.030577576443941108, 'eval_structure_score_pos': 0.0, 'eval_structure_score_neg': 0.005096262740656851, 'eval_runtime': 56.4371, 'eval_samples_per_second': 15.646, 'eval_steps_per_second': 0.992, 'epoch': 17.0}
{'loss': 2.8282, 'grad_norm': 2.500462055206299, 'learning_rate': 0.0004, 'epoch': 18.0}
{'eval_loss': 2.5597691535949707, 'eval_penalty_scaled': 1.7418271045677614, 'eval_penalty_capped': 1.7418271045677614, 'eval_penalty_uncapped': 1.8046092865232166, 'eval_missing': 0.0, 'eval_exact_match_accuracy': 0.17214043035107587, 'eval_part_match_accuracy': 0.5124575311438238, 'eval_set_match_accuracy': 0.5478671196677962, 'eval_structure_score_norm': -0.04303510758776897, 'eval_structure_score_pos': 0.0, 'eval_structure_score_neg': 0.007172517931294831, 'eval_runtime': 56.7221, 'eval_samples_per_second': 15.567, 'eval_steps_per_second': 0.987, 'epoch': 18.0}
{'loss': 2.778, 'grad_norm': 1.9819761514663696, 'learning_rate': 0.0004, 'epoch': 19.0}
{'eval_loss': 2.5331835746765137, 'eval_penalty_scaled': 1.713223858059645, 'eval_penalty_capped': 1.713223858059645, 'eval_penalty_uncapped': 1.7702755756889397, 'eval_missing': 0.0, 'eval_exact_match_accuracy': 0.1913929784824462, 'eval_part_match_accuracy': 0.5286900717251756, 'eval_set_match_accuracy': 0.5688184220460522, 'eval_structure_score_norm': -0.02944507361268403, 'eval_structure_score_pos': 0.0, 'eval_structure_score_neg': 0.004907512268780671, 'eval_runtime': 56.3288, 'eval_samples_per_second': 15.676, 'eval_steps_per_second': 0.994, 'epoch': 19.0}
{'loss': 2.7214, 'grad_norm': 2.3021650314331055, 'learning_rate': 0.0004, 'epoch': 20.0}
{'eval_loss': 2.4741036891937256, 'eval_penalty_scaled': 1.71765194412986, 'eval_penalty_capped': 1.71765194412986, 'eval_penalty_uncapped': 1.7726991317478296, 'eval_missing': 0.0, 'eval_exact_match_accuracy': 0.18459796149490373, 'eval_part_match_accuracy': 0.5271800679501663, 'eval_set_match_accuracy': 0.5707436768591897, 'eval_structure_score_norm': -0.03850509626274066, 'eval_structure_score_pos': 0.0, 'eval_structure_score_neg': 0.006417516043790111, 'eval_runtime': 56.7528, 'eval_samples_per_second': 15.559, 'eval_steps_per_second': 0.987, 'epoch': 20.0}
{'loss': 2.688, 'grad_norm': 1.7207680940628052, 'learning_rate': 0.0004, 'epoch': 21.0}
{'eval_loss': 2.4139459133148193, 'eval_penalty_scaled': 1.6741449603624008, 'eval_penalty_capped': 1.6741449603624008, 'eval_penalty_uncapped': 1.7283654209135526, 'eval_missing': 0.0, 'eval_exact_match_accuracy': 0.21177802944507362, 'eval_part_match_accuracy': 0.558512646281612, 'eval_set_match_accuracy': 0.5912419781049421, 'eval_structure_score_norm': -0.03284258210645526, 'eval_structure_score_pos': 0.0, 'eval_structure_score_neg': 0.00547376368440921, 'eval_runtime': 56.4181, 'eval_samples_per_second': 15.651, 'eval_steps_per_second': 0.993, 'epoch': 21.0}
{'loss': 2.6328, 'grad_norm': 2.02262282371521, 'learning_rate': 0.0004, 'epoch': 22.0}
{'eval_loss': 2.4474730491638184, 'eval_penalty_scaled': 1.6740015100037748, 'eval_penalty_capped': 1.6740015100037748, 'eval_penalty_uncapped': 1.7304152510381279, 'eval_missing': 0.0, 'eval_exact_match_accuracy': 0.2287655719139298, 'eval_part_match_accuracy': 0.5562476406190975, 'eval_set_match_accuracy': 0.5940354850887098, 'eval_structure_score_norm': -0.045300113250283124, 'eval_structure_score_pos': 0.0, 'eval_structure_score_neg': 0.007550018875047191, 'eval_runtime': 56.2438, 'eval_samples_per_second': 15.699, 'eval_steps_per_second': 0.996, 'epoch': 22.0}
{'loss': 2.6078, 'grad_norm': 1.6844518184661865, 'learning_rate': 0.0004, 'epoch': 23.0}
{'eval_loss': 2.3950791358947754, 'eval_penalty_scaled': 1.6816270290675728, 'eval_penalty_capped': 1.6816270290675728, 'eval_penalty_uncapped': 1.7363910909777278, 'eval_missing': 0.0, 'eval_exact_match_accuracy': 0.21857304643261607, 'eval_part_match_accuracy': 0.5530388825972027, 'eval_set_match_accuracy': 0.5862589656474112, 'eval_structure_score_norm': -0.03284258210645526, 'eval_structure_score_pos': 0.0, 'eval_structure_score_neg': 0.00547376368440921, 'eval_runtime': 56.5535, 'eval_samples_per_second': 15.614, 'eval_steps_per_second': 0.99, 'epoch': 23.0}
{'loss': 2.5736, 'grad_norm': 1.766467571258545, 'learning_rate': 0.0004, 'epoch': 24.0}
{'eval_loss': 2.4010777473449707, 'eval_penalty_scaled': 1.6644733861834655, 'eval_penalty_capped': 1.6644733861834655, 'eval_penalty_uncapped': 1.7198452246130618, 'eval_missing': 0.0, 'eval_exact_match_accuracy': 0.24688561721404303, 'eval_part_match_accuracy': 0.5647414118535256, 'eval_set_match_accuracy': 0.5953567383918428, 'eval_structure_score_norm': -0.03850509626274066, 'eval_structure_score_pos': 0.0, 'eval_structure_score_neg': 0.006417516043790111, 'eval_runtime': 56.5168, 'eval_samples_per_second': 15.624, 'eval_steps_per_second': 0.991, 'epoch': 24.0}
{'loss': 2.5284, 'grad_norm': 2.0107452869415283, 'learning_rate': 0.0004, 'epoch': 25.0}
{'eval_loss': 2.3714823722839355, 'eval_penalty_scaled': 1.6536542091355229, 'eval_penalty_capped': 1.6536542091355229, 'eval_penalty_uncapped': 1.7061683654209137, 'eval_missing': 0.0, 'eval_exact_match_accuracy': 0.23895809739524349, 'eval_part_match_accuracy': 0.5745564363910864, 'eval_set_match_accuracy': 0.6031332578331409, 'eval_structure_score_norm': -0.03850509626274066, 'eval_structure_score_pos': 0.0, 'eval_structure_score_neg': 0.006417516043790111, 'eval_runtime': 56.3588, 'eval_samples_per_second': 15.667, 'eval_steps_per_second': 0.994, 'epoch': 25.0}
{'loss': 2.5138, 'grad_norm': 2.1538100242614746, 'learning_rate': 0.0004, 'epoch': 26.0}
{'eval_loss': 2.384739398956299, 'eval_penalty_scaled': 1.6357078142695356, 'eval_penalty_capped': 1.6357078142695356, 'eval_penalty_uncapped': 1.6907285768214422, 'eval_missing': 0.0, 'eval_exact_match_accuracy': 0.2729331823329558, 'eval_part_match_accuracy': 0.5807852019629999, 'eval_set_match_accuracy': 0.6129482823707031, 'eval_structure_score_norm': -0.035107587768969425, 'eval_structure_score_pos': 0.0, 'eval_structure_score_neg': 0.005851264628161571, 'eval_runtime': 56.6382, 'eval_samples_per_second': 15.59, 'eval_steps_per_second': 0.989, 'epoch': 26.0}
{'loss': 2.4791, 'grad_norm': 1.845363974571228, 'learning_rate': 0.0004, 'epoch': 27.0}
{'eval_loss': 2.38761568069458, 'eval_penalty_scaled': 1.6237901094752736, 'eval_penalty_capped': 1.6237901094752736, 'eval_penalty_uncapped': 1.6733937334843338, 'eval_missing': 0.0, 'eval_exact_match_accuracy': 0.2729331823329558, 'eval_part_match_accuracy': 0.5906002265005622, 'eval_set_match_accuracy': 0.6217818044545088, 'eval_structure_score_norm': -0.026047565118912798, 'eval_structure_score_pos': 0.0, 'eval_structure_score_neg': 0.004341260853152131, 'eval_runtime': 56.4514, 'eval_samples_per_second': 15.642, 'eval_steps_per_second': 0.992, 'epoch': 27.0}
{'loss': 2.4652, 'grad_norm': 2.038623571395874, 'learning_rate': 0.0004, 'epoch': 28.0}
{'eval_loss': 2.3405985832214355, 'eval_penalty_scaled': 1.6265420913552284, 'eval_penalty_capped': 1.6265420913552284, 'eval_penalty_uncapped': 1.682102680256701, 'eval_missing': 0.0, 'eval_exact_match_accuracy': 0.27633069082672707, 'eval_part_match_accuracy': 0.5894677236693052, 'eval_set_match_accuracy': 0.61559078897697, 'eval_structure_score_norm': -0.03737259343148358, 'eval_structure_score_pos': 0.0, 'eval_structure_score_neg': 0.006228765571913931, 'eval_runtime': 56.5444, 'eval_samples_per_second': 15.616, 'eval_steps_per_second': 0.99, 'epoch': 28.0}
{'loss': 2.4279, 'grad_norm': 1.6225866079330444, 'learning_rate': 0.0004, 'epoch': 29.0}
{'eval_loss': 2.3143937587738037, 'eval_penalty_scaled': 1.614152510381276, 'eval_penalty_capped': 1.614152510381276, 'eval_penalty_uncapped': 1.6658021895054738, 'eval_missing': 0.0, 'eval_exact_match_accuracy': 0.2785956964892412, 'eval_part_match_accuracy': 0.5975839939599813, 'eval_set_match_accuracy': 0.6258210645526595, 'eval_structure_score_norm': -0.031710079275198186, 'eval_structure_score_pos': 0.0, 'eval_structure_score_neg': 0.005285013212533031, 'eval_runtime': 56.6076, 'eval_samples_per_second': 15.599, 'eval_steps_per_second': 0.989, 'epoch': 29.0}
{'loss': 2.3975, 'grad_norm': 1.8314075469970703, 'learning_rate': 0.0004, 'epoch': 30.0}
{'eval_loss': 2.3507657051086426, 'eval_penalty_scaled': 1.5995507738769346, 'eval_penalty_capped': 1.5995507738769346, 'eval_penalty_uncapped': 1.651426953567384, 'eval_missing': 0.0, 'eval_exact_match_accuracy': 0.31483578708946774, 'eval_part_match_accuracy': 0.6049452623631523, 'eval_set_match_accuracy': 0.635296338240843, 'eval_structure_score_norm': -0.035107587768969425, 'eval_structure_score_pos': 0.0, 'eval_structure_score_neg': 0.005851264628161571, 'eval_runtime': 56.6622, 'eval_samples_per_second': 15.584, 'eval_steps_per_second': 0.988, 'epoch': 30.0}
{'loss': 2.3703, 'grad_norm': 1.775520920753479, 'learning_rate': 0.0004, 'epoch': 31.0}
{'eval_loss': 2.292179584503174, 'eval_penalty_scaled': 1.5977840694601735, 'eval_penalty_capped': 1.5977840694601735, 'eval_penalty_uncapped': 1.6489429973574936, 'eval_missing': 0.0, 'eval_exact_match_accuracy': 0.31257078142695355, 'eval_part_match_accuracy': 0.6085315213287998, 'eval_set_match_accuracy': 0.6334465836164569, 'eval_structure_score_norm': -0.030577576443941108, 'eval_structure_score_pos': 0.0, 'eval_structure_score_neg': 0.005096262740656851, 'eval_runtime': 56.68, 'eval_samples_per_second': 15.579, 'eval_steps_per_second': 0.988, 'epoch': 31.0}
{'loss': 2.3409, 'grad_norm': 1.7387843132019043, 'learning_rate': 0.0004, 'epoch': 32.0}
{'eval_loss': 2.2514519691467285, 'eval_penalty_scaled': 1.577187617969045, 'eval_penalty_capped': 1.577187617969045, 'eval_penalty_uncapped': 1.6242129105322767, 'eval_missing': 0.0, 'eval_exact_match_accuracy': 0.32276330690826727, 'eval_part_match_accuracy': 0.6224990562476374, 'eval_set_match_accuracy': 0.6489996224990541, 'eval_structure_score_norm': -0.028312570781426953, 'eval_structure_score_pos': 0.0, 'eval_structure_score_neg': 0.0047187617969044904, 'eval_runtime': 56.5078, 'eval_samples_per_second': 15.626, 'eval_steps_per_second': 0.991, 'epoch': 32.0}
{'loss': 2.3242, 'grad_norm': 1.6909555196762085, 'learning_rate': 0.0004, 'epoch': 33.0}
{'eval_loss': 2.3052570819854736, 'eval_penalty_scaled': 1.604352585881465, 'eval_penalty_capped': 1.604352585881465, 'eval_penalty_uncapped': 1.6589845224613062, 'eval_missing': 0.0, 'eval_exact_match_accuracy': 0.289920724801812, 'eval_part_match_accuracy': 0.6058890147225329, 'eval_set_match_accuracy': 0.6294828237070563, 'eval_structure_score_norm': -0.044167610419026046, 'eval_structure_score_pos': 0.0, 'eval_structure_score_neg': 0.007361268403171011, 'eval_runtime': 56.6032, 'eval_samples_per_second': 15.6, 'eval_steps_per_second': 0.989, 'epoch': 33.0}
{'loss': 2.3036, 'grad_norm': 1.5111345052719116, 'learning_rate': 0.0004, 'epoch': 34.0}
{'eval_loss': 2.2892720699310303, 'eval_penalty_scaled': 1.5990864477161193, 'eval_penalty_capped': 1.5990864477161193, 'eval_penalty_uncapped': 1.6506417516043792, 'eval_missing': 0.0, 'eval_exact_match_accuracy': 0.31483578708946774, 'eval_part_match_accuracy': 0.6057002642506575, 'eval_set_match_accuracy': 0.6340128350320859, 'eval_structure_score_norm': -0.030577576443941108, 'eval_structure_score_pos': 0.0, 'eval_structure_score_neg': 0.005096262740656851, 'eval_runtime': 56.5861, 'eval_samples_per_second': 15.605, 'eval_steps_per_second': 0.99, 'epoch': 34.0}
{'loss': 2.2698, 'grad_norm': 2.2867801189422607, 'learning_rate': 0.0004, 'epoch': 35.0}
{'eval_loss': 2.203092575073242, 'eval_penalty_scaled': 1.5518346545866364, 'eval_penalty_capped': 1.5518346545866364, 'eval_penalty_uncapped': 1.6013363533408835, 'eval_missing': 0.0, 'eval_exact_match_accuracy': 0.34541336353340885, 'eval_part_match_accuracy': 0.6408078520196275, 'eval_set_match_accuracy': 0.6597583993959971, 'eval_structure_score_norm': -0.03397508493771234, 'eval_structure_score_pos': 0.0, 'eval_structure_score_neg': 0.0056625141562853904, 'eval_runtime': 56.6124, 'eval_samples_per_second': 15.597, 'eval_steps_per_second': 0.989, 'epoch': 35.0}
{'loss': 2.2697, 'grad_norm': 1.77956223487854, 'learning_rate': 0.0004, 'epoch': 36.0}
{'eval_loss': 2.20464825630188, 'eval_penalty_scaled': 1.535998489996225, 'eval_penalty_capped': 1.535998489996225, 'eval_penalty_uncapped': 1.5820687051717632, 'eval_missing': 0.0, 'eval_exact_match_accuracy': 0.35447338618346547, 'eval_part_match_accuracy': 0.6510003775009418, 'eval_set_match_accuracy': 0.6727066817667032, 'eval_structure_score_norm': -0.03284258210645526, 'eval_structure_score_pos': 0.0, 'eval_structure_score_neg': 0.00547376368440921, 'eval_runtime': 56.5355, 'eval_samples_per_second': 15.619, 'eval_steps_per_second': 0.991, 'epoch': 36.0}
{'loss': 2.2307, 'grad_norm': 2.882695436477661, 'learning_rate': 0.0004, 'epoch': 37.0}
{'eval_loss': 2.2176835536956787, 'eval_penalty_scaled': 1.560649301623254, 'eval_penalty_capped': 1.560649301623254, 'eval_penalty_uncapped': 1.6111551528878822, 'eval_missing': 0.0, 'eval_exact_match_accuracy': 0.3465458663646659, 'eval_part_match_accuracy': 0.6330690826727043, 'eval_set_match_accuracy': 0.6528878822197038, 'eval_structure_score_norm': -0.027180067950169876, 'eval_structure_score_pos': 0.0, 'eval_structure_score_neg': 0.00453001132502831, 'eval_runtime': 56.6264, 'eval_samples_per_second': 15.593, 'eval_steps_per_second': 0.989, 'epoch': 37.0}
{'loss': 2.2197, 'grad_norm': 1.6558575630187988, 'learning_rate': 0.0004, 'epoch': 38.0}
{'eval_loss': 2.2448108196258545, 'eval_penalty_scaled': 1.5469158172895432, 'eval_penalty_capped': 1.5469158172895432, 'eval_penalty_uncapped': 1.596323140807852, 'eval_missing': 0.0, 'eval_exact_match_accuracy': 0.34541336353340885, 'eval_part_match_accuracy': 0.6447716119290283, 'eval_set_match_accuracy': 0.6635711589278959, 'eval_structure_score_norm': -0.03850509626274066, 'eval_structure_score_pos': 0.0, 'eval_structure_score_neg': 0.006417516043790111, 'eval_runtime': 56.3935, 'eval_samples_per_second': 15.658, 'eval_steps_per_second': 0.993, 'epoch': 38.0}
{'loss': 2.2184, 'grad_norm': 1.2654107809066772, 'learning_rate': 0.0004, 'epoch': 39.0}
{'eval_loss': 2.2210142612457275, 'eval_penalty_scaled': 1.5417025292563231, 'eval_penalty_capped': 1.5417025292563231, 'eval_penalty_uncapped': 1.5891015477538695, 'eval_missing': 0.0, 'eval_exact_match_accuracy': 0.362400906002265, 'eval_part_match_accuracy': 0.6483578708946756, 'eval_set_match_accuracy': 0.6645526613816524, 'eval_structure_score_norm': -0.028312570781426953, 'eval_structure_score_pos': 0.0, 'eval_structure_score_neg': 0.0047187617969044904, 'eval_runtime': 56.5821, 'eval_samples_per_second': 15.606, 'eval_steps_per_second': 0.99, 'epoch': 39.0}
{'loss': 2.195, 'grad_norm': 1.639791488647461, 'learning_rate': 0.0002, 'epoch': 40.0}
{'eval_loss': 2.2603962421417236, 'eval_penalty_scaled': 1.520770101925255, 'eval_penalty_capped': 1.520770101925255, 'eval_penalty_uncapped': 1.5701019252548132, 'eval_missing': 0.0, 'eval_exact_match_accuracy': 0.3793884484711212, 'eval_part_match_accuracy': 0.6615704039260085, 'eval_set_match_accuracy': 0.6770479426198556, 'eval_structure_score_norm': -0.03737259343148358, 'eval_structure_score_pos': 0.0, 'eval_structure_score_neg': 0.006228765571913931, 'eval_runtime': 56.5645, 'eval_samples_per_second': 15.61, 'eval_steps_per_second': 0.99, 'epoch': 40.0}
{'loss': 2.2083, 'grad_norm': 1.2966134548187256, 'learning_rate': 0.0002, 'epoch': 41.0}
{'eval_loss': 2.232667922973633, 'eval_penalty_scaled': 1.5456360890902228, 'eval_penalty_capped': 1.5456360890902228, 'eval_penalty_uncapped': 1.5941562853907139, 'eval_missing': 0.0, 'eval_exact_match_accuracy': 0.3567383918459796, 'eval_part_match_accuracy': 0.6440166100415232, 'eval_set_match_accuracy': 0.6648169120422793, 'eval_structure_score_norm': -0.03397508493771234, 'eval_structure_score_pos': 0.0, 'eval_structure_score_neg': 0.0056625141562853904, 'eval_runtime': 56.4522, 'eval_samples_per_second': 15.642, 'eval_steps_per_second': 0.992, 'epoch': 41.0}
{'loss': 2.1709, 'grad_norm': 1.3982824087142944, 'learning_rate': 0.0002, 'epoch': 42.0}
{'eval_loss': 2.179405450820923, 'eval_penalty_scaled': 1.5489807474518686, 'eval_penalty_capped': 1.5489807474518686, 'eval_penalty_uncapped': 1.600162325405814, 'eval_missing': 0.0, 'eval_exact_match_accuracy': 0.3556058890147225, 'eval_part_match_accuracy': 0.6404303510758756, 'eval_set_match_accuracy': 0.6613439033597571, 'eval_structure_score_norm': -0.035107587768969425, 'eval_structure_score_pos': 0.0, 'eval_structure_score_neg': 0.005851264628161571, 'eval_runtime': 56.504, 'eval_samples_per_second': 15.627, 'eval_steps_per_second': 0.991, 'epoch': 42.0}
{'loss': 2.1556, 'grad_norm': 1.2376104593276978, 'learning_rate': 0.0002, 'epoch': 43.0}
{'eval_loss': 2.2169320583343506, 'eval_penalty_scaled': 1.521910154775387, 'eval_penalty_capped': 1.521910154775387, 'eval_penalty_uncapped': 1.56638731596829, 'eval_missing': 0.0, 'eval_exact_match_accuracy': 0.3884484711211778, 'eval_part_match_accuracy': 0.659116647791618, 'eval_set_match_accuracy': 0.6794261985654954, 'eval_structure_score_norm': -0.02491506228765572, 'eval_structure_score_pos': 0.0, 'eval_structure_score_neg': 0.004152510381275952, 'eval_runtime': 56.8075, 'eval_samples_per_second': 15.544, 'eval_steps_per_second': 0.986, 'epoch': 43.0}
{'loss': 2.1489, 'grad_norm': 0.9819846749305725, 'learning_rate': 0.0001, 'epoch': 44.0}
{'eval_loss': 2.126941680908203, 'eval_penalty_scaled': 1.513057757644394, 'eval_penalty_capped': 1.513057757644394, 'eval_penalty_uncapped': 1.5557493393733488, 'eval_missing': 0.0, 'eval_exact_match_accuracy': 0.38618346545866367, 'eval_part_match_accuracy': 0.6676104190260465, 'eval_set_match_accuracy': 0.6855039637599086, 'eval_structure_score_norm': -0.028312570781426953, 'eval_structure_score_pos': 0.0, 'eval_structure_score_neg': 0.0047187617969044904, 'eval_runtime': 56.436, 'eval_samples_per_second': 15.646, 'eval_steps_per_second': 0.992, 'epoch': 44.0}
{'loss': 2.1172, 'grad_norm': 1.1992125511169434, 'learning_rate': 0.0001, 'epoch': 45.0}
{'eval_loss': 2.237456798553467, 'eval_penalty_scaled': 1.517542468856172, 'eval_penalty_capped': 1.517542468856172, 'eval_penalty_uncapped': 1.5596187240468102, 'eval_missing': 0.0, 'eval_exact_match_accuracy': 0.3873159682899207, 'eval_part_match_accuracy': 0.663269158172894, 'eval_set_match_accuracy': 0.682672706681766, 'eval_structure_score_norm': -0.021517553793884484, 'eval_structure_score_pos': 0.0, 'eval_structure_score_neg': 0.003586258965647413, 'eval_runtime': 56.3591, 'eval_samples_per_second': 15.667, 'eval_steps_per_second': 0.994, 'epoch': 45.0}
{'loss': 2.1284, 'grad_norm': 1.6739208698272705, 'learning_rate': 0.0001, 'epoch': 46.0}
{'eval_loss': 2.181715488433838, 'eval_penalty_scaled': 1.5029445073612684, 'eval_penalty_capped': 1.5029445073612684, 'eval_penalty_uncapped': 1.546126840317101, 'eval_missing': 0.0, 'eval_exact_match_accuracy': 0.3895809739524349, 'eval_part_match_accuracy': 0.6740279350698367, 'eval_set_match_accuracy': 0.6875047187617961, 'eval_structure_score_norm': -0.01812004530011325, 'eval_structure_score_pos': 0.0, 'eval_structure_score_neg': 0.0030200075500188745, 'eval_runtime': 56.3573, 'eval_samples_per_second': 15.668, 'eval_steps_per_second': 0.994, 'epoch': 46.0}

JOB STATISTICS
==============
Job ID: 12233893
Cluster: snellius
User/Group: sdong/sdong
State: RUNNING
Nodes: 1
Cores per node: 16
CPU Utilized: 00:00:00
CPU Efficiency: 0.00% of 10-13:36:00 core-walltime
Job Wall-clock time: 15:51:00
Memory Utilized: 0.00 MB
Memory Efficiency: 0.00% of 180.00 GB (180.00 GB/node)
WARNING: Efficiency statistics can only be obtained after the job has ended as seff tool is based on the accounting database data.
